<?xml version="1.0" encoding="UTF-8"?>
<coverage generated="1508733129">
  <project timestamp="1508733129">
    <file name="C:\xampp\htdocs\polaloyd\application/controllers/My_Controller.php">
      <class name="My_Controller" namespace="global" fullPackage="My">
        <metrics methods="11" coveredmethods="11" conditionals="0" coveredconditionals="0" statements="57" coveredstatements="57" elements="68" coveredelements="68"/>
      </class>
      <line num="22" type="method" name="__construct" crap="1" count="20"/>
      <line num="23" type="stmt" count="20"/>
      <line num="24" type="stmt" count="20"/>
      <line num="26" type="stmt" count="20"/>
      <line num="28" type="method" name="index" crap="1" count="2"/>
      <line num="30" type="stmt" count="2"/>
      <line num="31" type="stmt" count="2"/>
      <line num="32" type="stmt" count="2"/>
      <line num="34" type="stmt" count="2"/>
      <line num="36" type="stmt" count="2"/>
      <line num="38" type="method" name="login" crap="2" count="2"/>
      <line num="40" type="stmt" count="2"/>
      <line num="41" type="stmt" count="1"/>
      <line num="43" type="stmt" count="1"/>
      <line num="45" type="stmt" count="1"/>
      <line num="47" type="method" name="logout" crap="2" count="1"/>
      <line num="49" type="stmt" count="1"/>
      <line num="51" type="stmt" count="1"/>
      <line num="52" type="stmt" count="1"/>
      <line num="56" type="method" name="komentar" crap="2" count="2"/>
      <line num="58" type="stmt" count="2"/>
      <line num="60" type="stmt" count="1"/>
      <line num="62" type="stmt" count="1"/>
      <line num="67" type="method" name="admin" crap="2" count="2"/>
      <line num="69" type="stmt" count="2"/>
      <line num="71" type="stmt" count="1"/>
      <line num="73" type="stmt" count="1"/>
      <line num="77" type="method" name="login_admin" crap="3" count="6"/>
      <line num="78" type="stmt" count="6"/>
      <line num="79" type="stmt" count="6"/>
      <line num="80" type="stmt" count="6"/>
      <line num="82" type="stmt" count="6"/>
      <line num="83" type="stmt" count="6"/>
      <line num="86" type="stmt" count="6"/>
      <line num="87" type="stmt" count="1"/>
      <line num="88" type="stmt" count="1"/>
      <line num="90" type="stmt" count="1"/>
      <line num="92" type="stmt" count="1"/>
      <line num="96" type="stmt" count="5"/>
      <line num="97" type="stmt" count="5"/>
      <line num="99" type="stmt" count="5"/>
      <line num="101" type="method" name="readDataKomentar" crap="1" count="1"/>
      <line num="102" type="stmt" count="1"/>
      <line num="103" type="stmt" count="1"/>
      <line num="104" type="stmt" count="1"/>
      <line num="106" type="method" name="create" crap="2" count="2"/>
      <line num="107" type="stmt" count="2"/>
      <line num="108" type="stmt" count="2"/>
      <line num="109" type="stmt" count="2"/>
      <line num="110" type="stmt" count="2"/>
      <line num="111" type="stmt" count="2"/>
      <line num="113" type="stmt" count="2"/>
      <line num="114" type="stmt" count="2"/>
      <line num="115" type="stmt" count="2"/>
      <line num="116" type="stmt" count="2"/>
      <line num="118" type="stmt" count="2"/>
      <line num="119" type="stmt" count="1"/>
      <line num="120" type="stmt" count="1"/>
      <line num="123" type="stmt" count="1"/>
      <line num="126" type="stmt" count="1"/>
      <line num="128" type="method" name="deletekomentar" crap="1" count="1"/>
      <line num="129" type="stmt" count="1"/>
      <line num="130" type="stmt" count="1"/>
      <line num="131" type="stmt" count="1"/>
      <line num="134" type="method" name="delete_komentar" crap="1" count="1"/>
      <line num="135" type="stmt" count="1"/>
      <line num="136" type="stmt" count="1"/>
      <line num="137" type="stmt" count="1"/>
      <metrics loc="139" ncloc="110" classes="1" methods="11" coveredmethods="11" conditionals="0" coveredconditionals="0" statements="57" coveredstatements="57" elements="68" coveredelements="68"/>
    </file>
    <file name="C:\xampp\htdocs\polaloyd\application/models/My_Model.php">
      <class name="My_Model" namespace="global" fullPackage="My">
        <metrics methods="6" coveredmethods="6" conditionals="0" coveredconditionals="0" statements="19" coveredstatements="19" elements="25" coveredelements="25"/>
      </class>
      <line num="4" type="method" name="loginadmin" crap="2" count="6"/>
      <line num="6" type="stmt" count="6"/>
      <line num="7" type="stmt" count="6"/>
      <line num="8" type="stmt" count="6"/>
      <line num="9" type="stmt" count="6"/>
      <line num="12" type="stmt" count="6"/>
      <line num="14" type="stmt" count="6"/>
      <line num="16" type="stmt" count="1"/>
      <line num="19" type="stmt" count="5"/>
      <line num="24" type="method" name="addDataKomentar" crap="1" count="2"/>
      <line num="25" type="stmt" count="2"/>
      <line num="26" type="stmt" count="2"/>
      <line num="28" type="method" name="getDataKomentar" crap="1" count="1"/>
      <line num="29" type="stmt" count="1"/>
      <line num="30" type="stmt" count="1"/>
      <line num="33" type="method" name="delete_item_komentar" crap="1" count="2"/>
      <line num="34" type="stmt" count="2"/>
      <line num="35" type="stmt" count="2"/>
      <line num="36" type="stmt" count="2"/>
      <line num="38" type="method" name="getDataSlider" crap="1" count="2"/>
      <line num="39" type="stmt" count="2"/>
      <line num="40" type="stmt" count="2"/>
      <line num="44" type="method" name="getDataGallery" crap="1" count="2"/>
      <line num="45" type="stmt" count="2"/>
      <line num="46" type="stmt" count="2"/>
      <metrics loc="49" ncloc="49" classes="1" methods="6" coveredmethods="6" conditionals="0" coveredconditionals="0" statements="19" coveredstatements="19" elements="25" coveredelements="25"/>
    </file>
    <metrics files="2" loc="188" ncloc="159" classes="2" methods="17" coveredmethods="17" conditionals="0" coveredconditionals="0" statements="76" coveredstatements="76" elements="93" coveredelements="93"/>
  </project>
</coverage>
